*******05-JUN-2021*****TopSpice  8.86f   DEMO  *******21:34:56********
 INPUT FILE: D:\USU·RIOS\DEYVIDY\GOOGLE DRIVE\PUC\2021.1\INSTRUMENTAÁ„O ELETRÙNICA\RELATÛRIOS\PONTES\PONTES.CIR
 SMALL SAMPLE CIRCUIT                                                            
                                                                                                                                                      	
 ****     INPUT LISTING                    TEMPERATURE =   27.000 DEG C

 **********************************************DEMO********************



 #REVISION: Rev: 58      

 *START .INC PONTES.MIS  
 * Device model  
 .MODEL NDRV NPN( BF=20 RB=100 TF=0.1ns CJC=2pF) 
         
 *END .INC PONTES.MIS    
         
 V1 1 0 5
 R1 1 D  120     
 R2 1 B  2400    
 R3 D 0  60      
 R4 B 0  1200    
         
 * TopSpice Schematic 8.86f   Simulation Setup Commands  
 .DC R1 50 150 0.12      
 .TRAN 0.0001 0.01       
 .PROBE  
 .PRINT TRAN/ALL V(IN) D(IN) D(A) V(OUT) 
         
 .OPTION SAVEOPB 
 #AUTOPLOT  {V(B)-V(D)}  


 .END    


*******05-JUN-2021*****TopSpice  8.86f   DEMO  *******21:34:56********
 SMALL SAMPLE CIRCUIT                                                            
 
 ****     CIRCUIT AND SIMULATION CHECK     TEMPERATURE =   27.000 DEG C

 **********************************************DEMO********************


*WARNING:  ATTEMPT TO REFERENCE UNDEFINED NODE IN - NODE SET TO 0


*WARNING:  ATTEMPT TO REFERENCE UNDEFINED NODE IN - NODE SET TO 0


*WARNING:  ATTEMPT TO REFERENCE UNDEFINED NODE A - NODE SET TO 0


*WARNING:  ATTEMPT TO REFERENCE UNDEFINED NODE OUT - NODE SET TO 0

 
 


*******05-JUN-2021*****TopSpice  8.86f   DEMO  *******21:34:56********
 SMALL SAMPLE CIRCUIT                                                            
 
 ****     BJT      MODEL PARAMETERS        TEMPERATURE =   27.000 DEG C

 **********************************************DEMO********************


 MODEL TYPE DESCRIPTION:  NPN       BJT     

 PARAMS.  NDRV      
 
 LEVEL         1
 BF         20.00    
 NF         1.000    
 BR         1.000    
 NR         1.000    
 RB         100.0    
 TF        1.0000E-10
 CJC       2.0000E-12
 IS        1.0000E-16
 TNOM       27.00    
 


 ** CIRCUIT CHECKING AND MODELS PROCESSING COMPLETED
 ** CIRCUIT MATRIX SETUP COMPLETED


*******05-JUN-2021*****TopSpice  8.86f   DEMO  *******21:34:56********
 SMALL SAMPLE CIRCUIT                                                            
 
 ****     ANALYSIS                         TEMPERATURE =   27.000 DEG C

 **********************************************DEMO********************

 ** DC SWEEP START
 ** DC SWEEP COMPLETED


*******05-JUN-2021*****TopSpice  8.86f   DEMO  *******21:34:56********
 SMALL SAMPLE CIRCUIT                                                            
 
 ****     INITIAL TRANSIENT SOLUTION       TEMPERATURE =   27.000 DEG C

 **********************************************DEMO********************

                 NODE       VOLTAGE

+                V(1)       5.00000000E+00
+                V(D)       1.66666667E+00
+                V(B)       1.66666667E+00


               SOURCE       CURRENT

+               I(V1)      -2.91666667E-02


               RESISTOR       CURRENT

+               I(R1)       2.77777778E-02
+               I(R2)       1.38888889E-03
+               I(R3)       2.77777778E-02
+               I(R4)       1.38888889E-03

 OP bias data written to SAVEOPB binary file: PONTES.OPB                                                                                                                                                                                                                                                      



*******05-JUN-2021*****TopSpice  8.86f   DEMO  *******21:34:56********
 SMALL SAMPLE CIRCUIT                                                            
 
 ****     SOURCE VOLTAGES AND CURRENTS     TEMPERATURE =   27.000 DEG C

 **********************************************DEMO********************


     SOURCE NAME      CURRENT(A)      VOLTAGE(V)      POWER(W)

     V1               -2.91667E-02     5.0000        0.14583    


     TOTAL POWER DISSIPATION   0.14583     WATTS


*******05-JUN-2021*****TopSpice  8.86f   DEMO  *******21:34:56********
 SMALL SAMPLE CIRCUIT                                                            
 
 ****     TRANSIENT ANALYSIS               TEMPERATURE =   27.000 DEG C

 **********************************************DEMO********************

   TIME              V(0)            D(*???????)     D(*???????)     V(0)                

   0.0000000E+00     0.0000000E+00        0               0          0.0000000E+00
   1.0000000E-06     0.0000000E+00        0               0          0.0000000E+00
   2.0000000E-06     0.0000000E+00        0               0          0.0000000E+00
   4.0000000E-06     0.0000000E+00        0               0          0.0000000E+00
   8.0000000E-06     0.0000000E+00        0               0          0.0000000E+00
   1.6000000E-05     0.0000000E+00        0               0          0.0000000E+00
   3.2000000E-05     0.0000000E+00        0               0          0.0000000E+00
   6.4000000E-05     0.0000000E+00        0               0          0.0000000E+00
   1.2800000E-04     0.0000000E+00        0               0          0.0000000E+00
   2.2800000E-04     0.0000000E+00        0               0          0.0000000E+00
   3.2799999E-04     0.0000000E+00        0               0          0.0000000E+00
   4.2800000E-04     0.0000000E+00        0               0          0.0000000E+00
   5.2800000E-04     0.0000000E+00        0               0          0.0000000E+00
   6.2800001E-04     0.0000000E+00        0               0          0.0000000E+00
   7.2800001E-04     0.0000000E+00        0               0          0.0000000E+00
   8.2800002E-04     0.0000000E+00        0               0          0.0000000E+00
   9.2800002E-04     0.0000000E+00        0               0          0.0000000E+00
   1.0280000E-03     0.0000000E+00        0               0          0.0000000E+00
   1.1280000E-03     0.0000000E+00        0               0          0.0000000E+00
   1.2280000E-03     0.0000000E+00        0               0          0.0000000E+00
   1.3280000E-03     0.0000000E+00        0               0          0.0000000E+00
   1.4280000E-03     0.0000000E+00        0               0          0.0000000E+00
   1.5280000E-03     0.0000000E+00        0               0          0.0000000E+00
   1.6280001E-03     0.0000000E+00        0               0          0.0000000E+00
   1.7280000E-03     0.0000000E+00        0               0          0.0000000E+00
   1.8279999E-03     0.0000000E+00        0               0          0.0000000E+00
   1.9280000E-03     0.0000000E+00        0               0          0.0000000E+00
   2.0280001E-03     0.0000000E+00        0               0          0.0000000E+00
   2.1279999E-03     0.0000000E+00        0               0          0.0000000E+00
   2.2280000E-03     0.0000000E+00        0               0          0.0000000E+00
   2.3280000E-03     0.0000000E+00        0               0          0.0000000E+00
   2.4280001E-03     0.0000000E+00        0               0          0.0000000E+00
   2.5279999E-03     0.0000000E+00        0               0          0.0000000E+00
   2.6280000E-03     0.0000000E+00        0               0          0.0000000E+00
   2.7280001E-03     0.0000000E+00        0               0          0.0000000E+00
   2.8280001E-03     0.0000000E+00        0               0          0.0000000E+00
   2.9279999E-03     0.0000000E+00        0               0          0.0000000E+00
   3.0280000E-03     0.0000000E+00        0               0          0.0000000E+00
   3.1280001E-03     0.0000000E+00        0               0          0.0000000E+00
   3.2279999E-03     0.0000000E+00        0               0          0.0000000E+00
   3.3280000E-03     0.0000000E+00        0               0          0.0000000E+00
   3.4280000E-03     0.0000000E+00        0               0          0.0000000E+00
   3.5280001E-03     0.0000000E+00        0               0          0.0000000E+00
   3.6279999E-03     0.0000000E+00        0               0          0.0000000E+00
   3.7280000E-03     0.0000000E+00        0               0          0.0000000E+00
   3.8280000E-03     0.0000000E+00        0               0          0.0000000E+00
   3.9280001E-03     0.0000000E+00        0               0          0.0000000E+00
   4.0279999E-03     0.0000000E+00        0               0          0.0000000E+00
   4.1279998E-03     0.0000000E+00        0               0          0.0000000E+00
   4.2280001E-03     0.0000000E+00        0               0          0.0000000E+00
   4.3279999E-03     0.0000000E+00        0               0          0.0000000E+00
   4.4280002E-03     0.0000000E+00        0               0          0.0000000E+00
   4.5280000E-03     0.0000000E+00        0               0          0.0000000E+00
   4.6279998E-03     0.0000000E+00        0               0          0.0000000E+00
   4.7280001E-03     0.0000000E+00        0               0          0.0000000E+00
   4.8280000E-03     0.0000000E+00        0               0          0.0000000E+00
   4.9279998E-03     0.0000000E+00        0               0          0.0000000E+00
   5.0280001E-03     0.0000000E+00        0               0          0.0000000E+00
   5.1279999E-03     0.0000000E+00        0               0          0.0000000E+00
   5.2280002E-03     0.0000000E+00        0               0          0.0000000E+00
   5.3280001E-03     0.0000000E+00        0               0          0.0000000E+00
   5.4279999E-03     0.0000000E+00        0               0          0.0000000E+00
   5.5280002E-03     0.0000000E+00        0               0          0.0000000E+00
   5.6280000E-03     0.0000000E+00        0               0          0.0000000E+00
   5.7279998E-03     0.0000000E+00        0               0          0.0000000E+00
   5.8280001E-03     0.0000000E+00        0               0          0.0000000E+00
   5.9280000E-03     0.0000000E+00        0               0          0.0000000E+00
   6.0279998E-03     0.0000000E+00        0               0          0.0000000E+00
   6.1280001E-03     0.0000000E+00        0               0          0.0000000E+00
   6.2279999E-03     0.0000000E+00        0               0          0.0000000E+00
   6.3280002E-03     0.0000000E+00        0               0          0.0000000E+00
   6.4280001E-03     0.0000000E+00        0               0          0.0000000E+00
   6.5279999E-03     0.0000000E+00        0               0          0.0000000E+00
   6.6280002E-03     0.0000000E+00        0               0          0.0000000E+00
   6.7280000E-03     0.0000000E+00        0               0          0.0000000E+00
   6.8279998E-03     0.0000000E+00        0               0          0.0000000E+00
   6.9280001E-03     0.0000000E+00        0               0          0.0000000E+00
   7.0280000E-03     0.0000000E+00        0               0          0.0000000E+00
   7.1279998E-03     0.0000000E+00        0               0          0.0000000E+00
   7.2280001E-03     0.0000000E+00        0               0          0.0000000E+00
   7.3279999E-03     0.0000000E+00        0               0          0.0000000E+00
   7.4280002E-03     0.0000000E+00        0               0          0.0000000E+00
   7.5280000E-03     0.0000000E+00        0               0          0.0000000E+00
   7.6279999E-03     0.0000000E+00        0               0          0.0000000E+00
   7.7280002E-03     0.0000000E+00        0               0          0.0000000E+00
   7.8280000E-03     0.0000000E+00        0               0          0.0000000E+00
   7.9279998E-03     0.0000000E+00        0               0          0.0000000E+00
   8.0279997E-03     0.0000000E+00        0               0          0.0000000E+00
   8.1280004E-03     0.0000000E+00        0               0          0.0000000E+00
   8.2280003E-03     0.0000000E+00        0               0          0.0000000E+00
   8.3280001E-03     0.0000000E+00        0               0          0.0000000E+00
   8.4279999E-03     0.0000000E+00        0               0          0.0000000E+00
   8.5279997E-03     0.0000000E+00        0               0          0.0000000E+00
   8.6279996E-03     0.0000000E+00        0               0          0.0000000E+00
   8.7280003E-03     0.0000000E+00        0               0          0.0000000E+00
   8.8280002E-03     0.0000000E+00        0               0          0.0000000E+00
   8.9280000E-03     0.0000000E+00        0               0          0.0000000E+00
   9.0279998E-03     0.0000000E+00        0               0          0.0000000E+00
   9.1279997E-03     0.0000000E+00        0               0          0.0000000E+00
   9.2280004E-03     0.0000000E+00        0               0          0.0000000E+00
   9.3280002E-03     0.0000000E+00        0               0          0.0000000E+00
   9.4280001E-03     0.0000000E+00        0               0          0.0000000E+00
   9.5279999E-03     0.0000000E+00        0               0          0.0000000E+00
   9.6279997E-03     0.0000000E+00        0               0          0.0000000E+00
   9.7279996E-03     0.0000000E+00        0               0          0.0000000E+00
   9.8280003E-03     0.0000000E+00        0               0          0.0000000E+00
   9.9280002E-03     0.0000000E+00        0               0          0.0000000E+00
   0.0000000E+00     0.0000000E+00        0               0          0.0000000E+00
   9.9999998E-03     0.0000000E+00        0               0          0.0000000E+00
Y

 ** TRANSIENT ANALYSIS COMPLETED


         JOB CONCLUDED

         Simulation Time          0.08 secs

         TOTAL JOB TIME           0.11 secs




 *******************************************

 Thank you for trying TopSpice 8 DEMO.

 To order the full product version, contact:

     Penzar Development
     PO Box 900847
     Palmdale, CA 93590
     U.S.A.

     Tel: 818-884-2246
     Email: sales.info@penzar.com
     Website: penzar.com

 *******************************************


